[2020-05-26T19:37:53.776] [DEBUG] cheese - login => username:admin,password:123456
[2020-05-26T19:37:53.779] [DEBUG] cheese - admin
[2020-05-26T19:37:53.810] [DEBUG] cheese - null
[2020-05-26T19:37:53.811] [DEBUG] cheese - null
[2020-05-27T12:33:34.476] [DEBUG] cheese - login => username:admin,password:123456
[2020-05-27T12:38:10.570] [DEBUG] cheese - login => username:admin,password:123456
[2020-05-27T12:38:10.573] [DEBUG] cheese - admin
[2020-05-27T12:38:10.619] [DEBUG] cheese - null
[2020-05-27T12:38:10.620] [DEBUG] cheese - null
[2020-05-27T12:43:32.883] [DEBUG] cheese - login => username:111111,password:111111
[2020-05-27T12:43:32.883] [DEBUG] cheese - 111111
[2020-05-27T12:43:32.886] [DEBUG] cheese - null
[2020-05-27T12:43:32.886] [DEBUG] cheese - null
[2020-05-27T12:43:56.079] [DEBUG] cheese - login => username:1111111111,password:111111
[2020-05-27T12:43:56.079] [DEBUG] cheese - 1111111111
[2020-05-27T12:43:56.083] [DEBUG] cheese - null
[2020-05-27T12:43:56.084] [DEBUG] cheese - null
[2020-05-27T12:44:06.572] [DEBUG] cheese - login => username:admin,password:123456
[2020-05-27T12:44:06.573] [DEBUG] cheese - admin
[2020-05-27T12:44:06.577] [DEBUG] cheese - null
[2020-05-27T12:44:06.577] [DEBUG] cheese - null
[2020-05-27T12:52:15.966] [DEBUG] cheese - login => username:111111111,password:111111111
[2020-05-27T12:52:15.966] [DEBUG] cheese - 111111111
[2020-05-27T12:52:15.970] [DEBUG] cheese - null
[2020-05-27T12:52:15.970] [DEBUG] cheese - null
[2020-05-27T12:52:17.223] [DEBUG] cheese - login => username:111111111,password:111111111
[2020-05-27T12:52:17.223] [DEBUG] cheese - 111111111
[2020-05-27T12:52:17.226] [DEBUG] cheese - null
[2020-05-27T12:52:17.226] [DEBUG] cheese - null
[2020-05-27T12:52:27.500] [DEBUG] cheese - login => username:admin,password:123456
[2020-05-27T12:52:27.500] [DEBUG] cheese - admin
[2020-05-27T12:52:27.503] [DEBUG] cheese - null
[2020-05-27T12:52:27.503] [DEBUG] cheese - null
[2020-05-27T13:04:02.401] [DEBUG] cheese - login => username:admin,password:123456
[2020-05-27T13:04:02.401] [DEBUG] cheese - admin
[2020-05-27T13:04:02.405] [DEBUG] cheese - null
[2020-05-27T13:04:02.405] [DEBUG] cheese - null
[2020-05-27T13:07:06.331] [DEBUG] cheese - login => username:admin,password:123456
[2020-05-27T13:07:06.331] [DEBUG] cheese - admin
[2020-05-27T13:07:06.334] [DEBUG] cheese - null
[2020-05-27T13:07:06.335] [DEBUG] cheese - null
[2020-05-27T13:25:38.902] [DEBUG] cheese - login => username:admin,password:123456
[2020-05-27T13:25:38.902] [DEBUG] cheese - admin
[2020-05-27T13:25:38.908] [DEBUG] cheese - null
[2020-05-27T13:25:38.908] [DEBUG] cheese - null
[2020-05-27T13:26:00.480] [DEBUG] cheese - login => username:admin,password:123456
[2020-05-27T13:26:00.480] [DEBUG] cheese - admin
[2020-05-27T13:26:00.484] [DEBUG] cheese - null
[2020-05-27T13:26:00.484] [DEBUG] cheese - null
[2020-05-27T13:30:41.968] [DEBUG] cheese - login => username:admin,password:123456
[2020-05-27T13:30:41.968] [DEBUG] cheese - admin
[2020-05-27T13:30:41.973] [DEBUG] cheese - null
[2020-05-27T13:30:41.973] [DEBUG] cheese - null
[2020-05-27T13:41:03.262] [DEBUG] cheese - login => username:admin,password:123456
[2020-05-27T13:41:03.262] [DEBUG] cheese - admin
[2020-05-27T13:41:03.266] [DEBUG] cheese - null
[2020-05-27T13:41:03.266] [DEBUG] cheese - null
[2020-05-27T13:47:36.987] [DEBUG] cheese - login => username:admin,password:123456
[2020-05-27T13:47:36.988] [DEBUG] cheese - admin
[2020-05-27T13:48:08.809] [DEBUG] cheese - login => username:admin,password:123456
[2020-05-27T13:48:08.809] [DEBUG] cheese - admin
[2020-05-27T13:48:08.817] [DEBUG] cheese - null
[2020-05-27T13:48:08.817] [DEBUG] cheese - null
[2020-05-27T13:48:08.928] [DEBUG] cheese - null
[2020-05-27T13:48:08.929] [DEBUG] cheese - null
[2020-05-27T13:48:13.802] [DEBUG] cheese - login => username:admin,password:123456
[2020-05-27T13:48:13.802] [DEBUG] cheese - admin
[2020-05-27T13:48:13.806] [DEBUG] cheese - null
[2020-05-27T13:48:13.806] [DEBUG] cheese - null
[2020-05-27T13:48:25.741] [DEBUG] cheese - login => username:admin,password:123456
[2020-05-27T13:48:25.741] [DEBUG] cheese - admin
[2020-05-27T13:48:25.744] [DEBUG] cheese - null
[2020-05-27T13:48:25.745] [DEBUG] cheese - null
[2020-05-27T13:50:09.999] [DEBUG] cheese - login => username:admin,password:123456
[2020-05-27T13:50:09.999] [DEBUG] cheese - admin
[2020-05-27T13:50:10.004] [DEBUG] cheese - null
[2020-05-27T13:50:10.004] [DEBUG] cheese - null
[2020-05-27T13:50:44.810] [DEBUG] cheese - login => username:admin,password:123456
[2020-05-27T13:50:44.810] [DEBUG] cheese - admin
[2020-05-27T13:50:44.814] [DEBUG] cheese - null
[2020-05-27T13:50:44.814] [DEBUG] cheese - null
[2020-05-27T16:59:11.988] [DEBUG] cheese - login => username:admin,password:123456
[2020-05-27T16:59:11.991] [DEBUG] cheese - admin
[2020-05-27T16:59:12.060] [DEBUG] cheese - null
[2020-05-27T16:59:12.061] [DEBUG] cheese - null
[2020-05-27T19:09:42.625] [DEBUG] cheese - login => username:admin,password:123456
[2020-05-27T19:09:42.626] [DEBUG] cheese - admin
[2020-05-27T19:09:42.635] [DEBUG] cheese - null
[2020-05-27T19:09:42.635] [DEBUG] cheese - null
[2020-05-27T20:19:56.871] [DEBUG] cheese - login => username:admin,password:123456
[2020-05-27T20:19:56.872] [DEBUG] cheese - admin
[2020-05-27T20:19:56.887] [DEBUG] cheese - null
[2020-05-27T20:19:56.888] [DEBUG] cheese - null
[2020-05-27T22:11:45.199] [DEBUG] cheese - login => username:admin,password:123456
[2020-05-27T22:11:45.200] [DEBUG] cheese - admin
[2020-05-27T22:11:45.218] [DEBUG] cheese - null
[2020-05-27T22:11:45.218] [DEBUG] cheese - null
[2020-05-27T22:12:11.681] [DEBUG] cheese - login => username:admin,password:123456
[2020-05-27T22:12:11.682] [DEBUG] cheese - admin
[2020-05-27T22:12:11.694] [DEBUG] cheese - null
[2020-05-27T22:12:11.694] [DEBUG] cheese - null
[2020-05-28T09:09:14.797] [DEBUG] cheese - login => username:admin,password:123456
[2020-05-28T09:09:14.802] [DEBUG] cheese - admin
[2020-05-28T09:09:14.854] [DEBUG] cheese - null
[2020-05-28T09:09:14.855] [DEBUG] cheese - null
[2020-05-28T09:16:32.153] [DEBUG] cheese - login => username:admin,password:123456
[2020-05-28T09:16:32.154] [DEBUG] cheese - admin
[2020-05-28T09:16:32.159] [DEBUG] cheese - null
[2020-05-28T09:16:32.159] [DEBUG] cheese - null
[2020-05-28T12:04:18.676] [DEBUG] cheese - login => username:admin,password:123456
[2020-05-28T12:04:18.681] [DEBUG] cheese - admin
[2020-05-28T12:04:18.699] [DEBUG] cheese - null
[2020-05-28T12:04:18.702] [DEBUG] cheese - null
[2020-05-28T12:10:12.076] [DEBUG] cheese - login => username:admin,password:123456
[2020-05-28T12:10:12.077] [DEBUG] cheese - admin
[2020-05-28T12:10:12.079] [DEBUG] cheese - null
[2020-05-28T12:10:12.079] [DEBUG] cheese - null
[2020-05-28T12:41:16.355] [DEBUG] cheese - login => username:admin,password:123456
[2020-05-28T12:41:16.355] [DEBUG] cheese - admin
[2020-05-28T12:41:16.358] [DEBUG] cheese - null
[2020-05-28T12:41:16.358] [DEBUG] cheese - null
[2020-05-28T17:05:19.880] [DEBUG] cheese - login => username:admin,password:123456
[2020-05-28T17:05:19.883] [DEBUG] cheese - admin
[2020-05-28T17:05:19.888] [DEBUG] cheese - null
[2020-05-28T17:05:19.888] [DEBUG] cheese - null
[2020-05-28T20:56:32.003] [DEBUG] cheese - login => username:admin,password:123456
[2020-05-28T20:56:32.005] [DEBUG] cheese - admin
[2020-05-28T20:56:32.073] [DEBUG] cheese - null
[2020-05-28T20:56:32.073] [DEBUG] cheese - null
[2020-05-29T11:50:37.695] [DEBUG] cheese - login => username:admin,password:123456
[2020-05-29T11:50:37.696] [DEBUG] cheese - admin
[2020-05-29T11:50:37.754] [DEBUG] cheese - null
[2020-05-29T11:50:37.755] [DEBUG] cheese - null
[2020-05-29T12:30:44.451] [DEBUG] cheese - null
[2020-05-29T12:31:49.097] [DEBUG] cheese - null
[2020-05-29T12:31:52.076] [DEBUG] cheese - null
[2020-05-29T12:31:55.196] [DEBUG] cheese - null
[2020-05-29T12:31:59.310] [DEBUG] cheese - null
[2020-05-29T13:09:33.766] [DEBUG] cheese - login => username:admin,password:123456
[2020-05-29T13:09:33.766] [DEBUG] cheese - admin
[2020-05-29T13:09:33.770] [DEBUG] cheese - null
[2020-05-29T13:09:33.770] [DEBUG] cheese - null
[2020-05-29T13:13:19.310] [DEBUG] cheese - login => username:admin,password:123456
[2020-05-29T13:13:19.311] [DEBUG] cheese - admin
[2020-05-29T13:13:19.316] [DEBUG] cheese - null
[2020-05-29T13:13:19.316] [DEBUG] cheese - null
[2020-05-29T14:02:44.063] [DEBUG] cheese - login => username:admin,password:123456
[2020-05-29T14:02:44.064] [DEBUG] cheese - admin
[2020-05-29T14:02:44.067] [DEBUG] cheese - null
[2020-05-29T14:02:44.067] [DEBUG] cheese - null
[2020-05-30T00:54:19.340] [DEBUG] cheese - login => username:admin,password:123456
[2020-05-30T00:54:19.345] [DEBUG] cheese - admin
[2020-05-30T00:54:19.353] [DEBUG] cheese - null
[2020-05-30T00:54:19.355] [DEBUG] cheese - null
[2020-05-30T15:01:49.789] [DEBUG] cheese - login => username:admin,password:123456
[2020-05-30T15:01:49.791] [DEBUG] cheese - admin
[2020-05-30T15:01:49.812] [DEBUG] cheese - null
[2020-05-30T15:01:49.813] [DEBUG] cheese - null
[2020-05-30T15:02:53.098] [DEBUG] cheese - login => username:admin,password:123456
[2020-05-30T15:02:53.098] [DEBUG] cheese - admin
[2020-05-30T15:02:53.102] [DEBUG] cheese - null
[2020-05-30T15:02:53.102] [DEBUG] cheese - null
[2020-05-30T15:04:33.579] [DEBUG] cheese - login => username:admin,password:123456
[2020-05-30T15:04:33.580] [DEBUG] cheese - admin
[2020-05-30T15:04:33.582] [DEBUG] cheese - null
[2020-05-30T15:04:33.582] [DEBUG] cheese - null
[2020-05-30T16:43:16.760] [DEBUG] cheese - login => username:admin,password:123456
[2020-05-30T16:43:16.763] [DEBUG] cheese - admin
[2020-05-30T16:43:16.768] [DEBUG] cheese - null
[2020-05-30T16:43:16.768] [DEBUG] cheese - null
[2020-05-31T14:18:05.998] [DEBUG] cheese - login => username:admin,password:123456
[2020-05-31T14:18:06.001] [DEBUG] cheese - admin
[2020-05-31T14:18:06.060] [DEBUG] cheese - null
[2020-05-31T14:18:06.061] [DEBUG] cheese - null
[2020-05-31T15:16:33.463] [DEBUG] cheese - login => username:admin,password:123456
[2020-05-31T15:16:33.466] [DEBUG] cheese - admin
[2020-05-31T15:16:33.470] [DEBUG] cheese - null
[2020-05-31T15:16:33.471] [DEBUG] cheese - null
[2020-05-31T15:17:02.873] [DEBUG] cheese - login => username:admin,password:123456
[2020-05-31T15:17:02.873] [DEBUG] cheese - admin
[2020-05-31T15:17:02.877] [DEBUG] cheese - null
[2020-05-31T15:17:02.877] [DEBUG] cheese - null
[2020-05-31T17:11:45.810] [DEBUG] cheese - null
[2020-05-31T18:51:40.283] [DEBUG] cheese - login => username:admin,password:123456
[2020-05-31T18:51:40.284] [DEBUG] cheese - admin
[2020-05-31T18:51:40.344] [DEBUG] cheese - null
[2020-05-31T18:51:40.345] [DEBUG] cheese - null
[2020-06-01T13:34:56.143] [DEBUG] cheese - login => username:admin,password:123456
[2020-06-01T13:34:56.146] [DEBUG] cheese - admin
[2020-06-01T13:34:56.171] [DEBUG] cheese - null
[2020-06-01T13:34:56.171] [DEBUG] cheese - null
[2020-06-01T14:01:36.375] [DEBUG] cheese - null
